[2018-03-22T17:44:22.928-0500] [glassfish 4.1] [INFO] [NCLS-LOGGING-00009] [javax.enterprise.logging] [tid: _ThreadID=18 _ThreadName=RunLevelControllerThread-1521758662824] [timeMillis: 1521758662928] [levelValue: 800] [[
  Running GlassFish Version: GlassFish Server Open Source Edition  4.1.1  (build 1)]]

[2018-03-22T17:44:22.930-0500] [glassfish 4.1] [INFO] [NCLS-LOGGING-00010] [javax.enterprise.logging] [tid: _ThreadID=18 _ThreadName=RunLevelControllerThread-1521758662824] [timeMillis: 1521758662930] [levelValue: 800] [[
  Server log file is using Formatter class: com.sun.enterprise.server.logging.ODLLogFormatter]]

[2018-03-22T17:44:23.017-0500] [glassfish 4.1] [INFO] [NCLS-SECURITY-01115] [javax.enterprise.system.core.security] [tid: _ThreadID=19 _ThreadName=RunLevelControllerThread-1521758662829] [timeMillis: 1521758663017] [levelValue: 800] [[
  Realm [admin-realm] of classtype [com.sun.enterprise.security.auth.realm.file.FileRealm] successfully created.]]

[2018-03-22T17:44:23.018-0500] [glassfish 4.1] [INFO] [NCLS-SECURITY-01115] [javax.enterprise.system.core.security] [tid: _ThreadID=19 _ThreadName=RunLevelControllerThread-1521758662829] [timeMillis: 1521758663018] [levelValue: 800] [[
  Realm [file] of classtype [com.sun.enterprise.security.auth.realm.file.FileRealm] successfully created.]]

[2018-03-22T17:44:23.020-0500] [glassfish 4.1] [INFO] [NCLS-SECURITY-01115] [javax.enterprise.system.core.security] [tid: _ThreadID=19 _ThreadName=RunLevelControllerThread-1521758662829] [timeMillis: 1521758663020] [levelValue: 800] [[
  Realm [certificate] of classtype [com.sun.enterprise.security.auth.realm.certificate.CertificateRealm] successfully created.]]

[2018-03-22T17:44:23.236-0500] [glassfish 4.1] [INFO] [] [org.glassfish.ha.store.spi.BackingStoreFactoryRegistry] [tid: _ThreadID=18 _ThreadName=RunLevelControllerThread-1521758662824] [timeMillis: 1521758663236] [levelValue: 800] [[
  Registered org.glassfish.ha.store.adapter.cache.ShoalBackingStoreProxy for persistence-type = replicated in BackingStoreFactoryRegistry]]

[2018-03-22T17:44:23.380-0500] [glassfish 4.1] [INFO] [SEC-SVCS-00100] [javax.enterprise.security.services] [tid: _ThreadID=17 _ThreadName=RunLevelControllerThread-1521758662823] [timeMillis: 1521758663380] [levelValue: 800] [[
  Authorization Service has successfully initialized.]]

[2018-03-22T17:44:23.419-0500] [glassfish 4.1] [INFO] [] [org.hibernate.validator.internal.util.Version] [tid: _ThreadID=17 _ThreadName=RunLevelControllerThread-1521758662823] [timeMillis: 1521758663419] [levelValue: 800] [[
  HV000001: Hibernate Validator 5.1.2.Final]]

[2018-03-22T17:44:23.441-0500] [glassfish 4.1] [WARNING] [] [org.glassfish.grizzly.config.Utils] [tid: _ThreadID=19 _ThreadName=RunLevelControllerThread-1521758662829] [timeMillis: 1521758663441] [levelValue: 900] [[
  Instance could not be initialized. Class=interface org.glassfish.grizzly.http.server.AddOn, name=http-listener-1, realClassName=org.glassfish.grizzly.http2.Http2AddOn]]

[2018-03-22T17:44:23.510-0500] [glassfish 4.1] [INFO] [NCLS-CORE-00087] [javax.enterprise.system.core] [tid: _ThreadID=19 _ThreadName=RunLevelControllerThread-1521758662829] [timeMillis: 1521758663510] [levelValue: 800] [[
  Grizzly Framework 2.3.23 started in: 36ms - bound to [/0.0.0.0:8080]]]

[2018-03-22T17:44:23.563-0500] [glassfish 4.1] [WARNING] [] [org.glassfish.grizzly.config.Utils] [tid: _ThreadID=19 _ThreadName=RunLevelControllerThread-1521758662829] [timeMillis: 1521758663563] [levelValue: 900] [[
  Instance could not be initialized. Class=interface org.glassfish.grizzly.http.server.AddOn, name=http-listener-2, realClassName=org.glassfish.grizzly.http2.Http2AddOn]]

[2018-03-22T17:44:23.574-0500] [glassfish 4.1] [INFO] [NCLS-CORE-00087] [javax.enterprise.system.core] [tid: _ThreadID=19 _ThreadName=RunLevelControllerThread-1521758662829] [timeMillis: 1521758663574] [levelValue: 800] [[
  Grizzly Framework 2.3.23 started in: 6ms - bound to [/0.0.0.0:8181]]]

[2018-03-22T17:44:23.578-0500] [glassfish 4.1] [WARNING] [] [org.glassfish.grizzly.config.Utils] [tid: _ThreadID=19 _ThreadName=RunLevelControllerThread-1521758662829] [timeMillis: 1521758663578] [levelValue: 900] [[
  Instance could not be initialized. Class=interface org.glassfish.grizzly.http.server.AddOn, name=admin-listener, realClassName=org.glassfish.grizzly.http2.Http2AddOn]]

[2018-03-22T17:44:23.586-0500] [glassfish 4.1] [INFO] [NCLS-CORE-00087] [javax.enterprise.system.core] [tid: _ThreadID=19 _ThreadName=RunLevelControllerThread-1521758662829] [timeMillis: 1521758663586] [levelValue: 800] [[
  Grizzly Framework 2.3.23 started in: 4ms - bound to [/0.0.0.0:4848]]]

[2018-03-22T17:44:23.618-0500] [glassfish 4.1] [INFO] [NCLS-CORE-00087] [javax.enterprise.system.core] [tid: _ThreadID=18 _ThreadName=RunLevelControllerThread-1521758662824] [timeMillis: 1521758663618] [levelValue: 800] [[
  Grizzly Framework 2.3.23 started in: 3ms - bound to [/0.0.0.0:3700]]]

[2018-03-22T17:44:23.619-0500] [glassfish 4.1] [INFO] [NCLS-CORE-00017] [javax.enterprise.system.core] [tid: _ThreadID=1 _ThreadName=main] [timeMillis: 1521758663619] [levelValue: 800] [[
  GlassFish Server Open Source Edition  4.1.1  (1) startup time : Felix (2.879ms), startup services(801ms), total(3.680ms)]]

[2018-03-22T17:44:23.769-0500] [glassfish 4.1] [INFO] [jts.startup_msg] [javax.enterprise.system.core.transaction.com.sun.jts.CosTransactions] [tid: _ThreadID=18 _ThreadName=RunLevelControllerThread-1521758662824] [timeMillis: 1521758663769] [levelValue: 800] [[
  JTS5014: Recoverable JTS instance, serverId = [100]]]

[2018-03-22T17:44:23.999-0500] [glassfish 4.1] [INFO] [NCLS-BOOTSTRAP-00027] [javax.enterprise.bootstrap] [tid: _ThreadID=1 _ThreadName=main] [timeMillis: 1521758663999] [levelValue: 800] [[
  Registered com.sun.enterprise.glassfish.bootstrap.osgi.EmbeddedOSGiGlassFishImpl@d7109be as OSGi service registration: org.apache.felix.framework.ServiceRegistrationImpl@7bab5898.]]

[2018-03-22T17:44:24.106-0500] [glassfish 4.1] [INFO] [NCLS-JMX-00005] [javax.enterprise.system.jmx] [tid: _ThreadID=65 _ThreadName=Thread-16] [timeMillis: 1521758664106] [levelValue: 800] [[
  JMXStartupService has started JMXConnector on JMXService URL service:jmx:rmi://ISIS2503S2-0008.sis.virtual.uniandes.edu.co:8686/jndi/rmi://ISIS2503S2-0008.sis.virtual.uniandes.edu.co:8686/jmxrmi]]

[2018-03-22T17:55:06.994-0500] [glassfish 4.1] [INFO] [NCLS-CORE-00092] [javax.enterprise.system.core] [tid: _ThreadID=89 _ThreadName=Thread-21] [timeMillis: 1521759306994] [levelValue: 800] [[
  Server shutdown initiated]]

[2018-03-22T17:55:07.001-0500] [glassfish 4.1] [INFO] [NCLS-BOOTSTRAP-00028] [javax.enterprise.bootstrap] [tid: _ThreadID=89 _ThreadName=Thread-21] [timeMillis: 1521759307001] [levelValue: 800] [[
  Unregistered com.sun.enterprise.glassfish.bootstrap.osgi.EmbeddedOSGiGlassFishImpl@d7109be from service registry.]]

[2018-03-22T17:55:07.003-0500] [glassfish 4.1] [INFO] [] [] [tid: _ThreadID=89 _ThreadName=Thread-8] [timeMillis: 1521759307003] [levelValue: 800] [[
  FileMonitoring shutdown]]

[2018-03-22T17:55:07.007-0500] [glassfish 4.1] [INFO] [NCLS-JMX-00002] [javax.enterprise.system.jmx] [tid: _ThreadID=89 _ThreadName=Thread-21] [timeMillis: 1521759307007] [levelValue: 800] [[
  JMXStartupService: Stopped JMXConnectorServer: null]]

[2018-03-22T17:55:07.007-0500] [glassfish 4.1] [INFO] [NCLS-JMX-00001] [javax.enterprise.system.jmx] [tid: _ThreadID=89 _ThreadName=Thread-21] [timeMillis: 1521759307007] [levelValue: 800] [[
  JMXStartupService and JMXConnectors have been shut down.]]

[2018-03-22T17:55:20.736-0500] [glassfish 4.1] [INFO] [NCLS-LOGGING-00009] [javax.enterprise.logging] [tid: _ThreadID=17 _ThreadName=RunLevelControllerThread-1521759320634] [timeMillis: 1521759320736] [levelValue: 800] [[
  Running GlassFish Version: GlassFish Server Open Source Edition  4.1.1  (build 1)]]

[2018-03-22T17:55:20.738-0500] [glassfish 4.1] [INFO] [NCLS-LOGGING-00010] [javax.enterprise.logging] [tid: _ThreadID=17 _ThreadName=RunLevelControllerThread-1521759320634] [timeMillis: 1521759320738] [levelValue: 800] [[
  Server log file is using Formatter class: com.sun.enterprise.server.logging.ODLLogFormatter]]

[2018-03-22T17:55:20.823-0500] [glassfish 4.1] [INFO] [NCLS-SECURITY-01115] [javax.enterprise.system.core.security] [tid: _ThreadID=19 _ThreadName=RunLevelControllerThread-1521759320640] [timeMillis: 1521759320823] [levelValue: 800] [[
  Realm [admin-realm] of classtype [com.sun.enterprise.security.auth.realm.file.FileRealm] successfully created.]]

[2018-03-22T17:55:20.825-0500] [glassfish 4.1] [INFO] [NCLS-SECURITY-01115] [javax.enterprise.system.core.security] [tid: _ThreadID=19 _ThreadName=RunLevelControllerThread-1521759320640] [timeMillis: 1521759320825] [levelValue: 800] [[
  Realm [file] of classtype [com.sun.enterprise.security.auth.realm.file.FileRealm] successfully created.]]

[2018-03-22T17:55:20.828-0500] [glassfish 4.1] [INFO] [NCLS-SECURITY-01115] [javax.enterprise.system.core.security] [tid: _ThreadID=19 _ThreadName=RunLevelControllerThread-1521759320640] [timeMillis: 1521759320828] [levelValue: 800] [[
  Realm [certificate] of classtype [com.sun.enterprise.security.auth.realm.certificate.CertificateRealm] successfully created.]]

[2018-03-22T17:55:20.943-0500] [glassfish 4.1] [INFO] [SEC-SVCS-00100] [javax.enterprise.security.services] [tid: _ThreadID=18 _ThreadName=RunLevelControllerThread-1521759320639] [timeMillis: 1521759320943] [levelValue: 800] [[
  Authorization Service has successfully initialized.]]

[2018-03-22T17:55:20.970-0500] [glassfish 4.1] [INFO] [] [org.glassfish.ha.store.spi.BackingStoreFactoryRegistry] [tid: _ThreadID=16 _ThreadName=RunLevelControllerThread-1521759320633] [timeMillis: 1521759320970] [levelValue: 800] [[
  Registered org.glassfish.ha.store.adapter.cache.ShoalBackingStoreProxy for persistence-type = replicated in BackingStoreFactoryRegistry]]

[2018-03-22T17:55:21.203-0500] [glassfish 4.1] [WARNING] [] [org.glassfish.grizzly.config.Utils] [tid: _ThreadID=17 _ThreadName=RunLevelControllerThread-1521759320634] [timeMillis: 1521759321203] [levelValue: 900] [[
  Instance could not be initialized. Class=interface org.glassfish.grizzly.http.server.AddOn, name=http-listener-1, realClassName=org.glassfish.grizzly.http2.Http2AddOn]]

[2018-03-22T17:55:21.247-0500] [glassfish 4.1] [INFO] [NCLS-CORE-00087] [javax.enterprise.system.core] [tid: _ThreadID=17 _ThreadName=RunLevelControllerThread-1521759320634] [timeMillis: 1521759321247] [levelValue: 800] [[
  Grizzly Framework 2.3.23 started in: 23ms - bound to [/0.0.0.0:8080]]]

[2018-03-22T17:55:21.261-0500] [glassfish 4.1] [WARNING] [] [org.glassfish.grizzly.config.Utils] [tid: _ThreadID=17 _ThreadName=RunLevelControllerThread-1521759320634] [timeMillis: 1521759321261] [levelValue: 900] [[
  Instance could not be initialized. Class=interface org.glassfish.grizzly.http.server.AddOn, name=http-listener-2, realClassName=org.glassfish.grizzly.http2.Http2AddOn]]

[2018-03-22T17:55:21.268-0500] [glassfish 4.1] [INFO] [NCLS-CORE-00087] [javax.enterprise.system.core] [tid: _ThreadID=17 _ThreadName=RunLevelControllerThread-1521759320634] [timeMillis: 1521759321268] [levelValue: 800] [[
  Grizzly Framework 2.3.23 started in: 4ms - bound to [/0.0.0.0:8181]]]

[2018-03-22T17:55:21.270-0500] [glassfish 4.1] [WARNING] [] [org.glassfish.grizzly.config.Utils] [tid: _ThreadID=17 _ThreadName=RunLevelControllerThread-1521759320634] [timeMillis: 1521759321270] [levelValue: 900] [[
  Instance could not be initialized. Class=interface org.glassfish.grizzly.http.server.AddOn, name=admin-listener, realClassName=org.glassfish.grizzly.http2.Http2AddOn]]

[2018-03-22T17:55:21.276-0500] [glassfish 4.1] [INFO] [NCLS-CORE-00087] [javax.enterprise.system.core] [tid: _ThreadID=17 _ThreadName=RunLevelControllerThread-1521759320634] [timeMillis: 1521759321276] [levelValue: 800] [[
  Grizzly Framework 2.3.23 started in: 3ms - bound to [/0.0.0.0:4848]]]

[2018-03-22T17:55:21.313-0500] [glassfish 4.1] [INFO] [NCLS-CORE-00087] [javax.enterprise.system.core] [tid: _ThreadID=17 _ThreadName=RunLevelControllerThread-1521759320634] [timeMillis: 1521759321313] [levelValue: 800] [[
  Grizzly Framework 2.3.23 started in: 7ms - bound to [/0.0.0.0:3700]]]

[2018-03-22T17:55:21.313-0500] [glassfish 4.1] [INFO] [NCLS-CORE-00017] [javax.enterprise.system.core] [tid: _ThreadID=1 _ThreadName=main] [timeMillis: 1521759321313] [levelValue: 800] [[
  GlassFish Server Open Source Edition  4.1.1  (1) startup time : Felix (1.382ms), startup services(686ms), total(2.068ms)]]

[2018-03-22T17:55:21.453-0500] [glassfish 4.1] [INFO] [jts.startup_msg] [javax.enterprise.system.core.transaction.com.sun.jts.CosTransactions] [tid: _ThreadID=17 _ThreadName=RunLevelControllerThread-1521759320634] [timeMillis: 1521759321453] [levelValue: 800] [[
  JTS5014: Recoverable JTS instance, serverId = [100]]]

[2018-03-22T17:55:21.542-0500] [glassfish 4.1] [INFO] [NCLS-JMX-00005] [javax.enterprise.system.jmx] [tid: _ThreadID=53 _ThreadName=Thread-13] [timeMillis: 1521759321542] [levelValue: 800] [[
  JMXStartupService has started JMXConnector on JMXService URL service:jmx:rmi://ISIS2503S2-0008.sis.virtual.uniandes.edu.co:8686/jndi/rmi://ISIS2503S2-0008.sis.virtual.uniandes.edu.co:8686/jmxrmi]]

[2018-03-22T17:55:21.542-0500] [glassfish 4.1] [INFO] [NCLS-BOOTSTRAP-00027] [javax.enterprise.bootstrap] [tid: _ThreadID=1 _ThreadName=main] [timeMillis: 1521759321542] [levelValue: 800] [[
  Registered com.sun.enterprise.glassfish.bootstrap.osgi.EmbeddedOSGiGlassFishImpl@21325036 as OSGi service registration: org.apache.felix.framework.ServiceRegistrationImpl@4bee18dc.]]

[2018-03-22T17:55:22.636-0500] [glassfish 4.1] [INFO] [] [org.hibernate.validator.internal.util.Version] [tid: _ThreadID=44 _ThreadName=admin-listener(2)] [timeMillis: 1521759322636] [levelValue: 800] [[
  HV000001: Hibernate Validator 5.1.2.Final]]

[2018-03-22T18:04:05.600-0500] [glassfish 4.1] [INFO] [] [javax.enterprise.system.tools.deployment.common] [tid: _ThreadID=43 _ThreadName=admin-listener(1)] [timeMillis: 1521759845600] [levelValue: 800] [[
  visiting unvisited references]]

[2018-03-22T18:04:05.969-0500] [glassfish 4.1] [INFO] [NCLS-SECURITY-01002] [javax.enterprise.system.core.security] [tid: _ThreadID=43 _ThreadName=admin-listener(1)] [timeMillis: 1521759845969] [levelValue: 800] [[
  Java security manager is disabled.]]

[2018-03-22T18:04:05.969-0500] [glassfish 4.1] [INFO] [NCLS-SECURITY-01010] [javax.enterprise.system.core.security] [tid: _ThreadID=43 _ThreadName=admin-listener(1)] [timeMillis: 1521759845969] [levelValue: 800] [[
  Entering Security Startup Service.]]

[2018-03-22T18:04:05.972-0500] [glassfish 4.1] [INFO] [NCLS-SECURITY-01143] [javax.enterprise.system.core.security] [tid: _ThreadID=43 _ThreadName=admin-listener(1)] [timeMillis: 1521759845972] [levelValue: 800] [[
  Loading policy provider com.sun.enterprise.security.provider.PolicyWrapper.]]

[2018-03-22T18:04:06.008-0500] [glassfish 4.1] [INFO] [NCLS-SECURITY-01011] [javax.enterprise.system.core.security] [tid: _ThreadID=43 _ThreadName=admin-listener(1)] [timeMillis: 1521759846008] [levelValue: 800] [[
  Security Service(s) started successfully.]]

[2018-03-22T18:04:06.177-0500] [glassfish 4.1] [INFO] [AS-WEB-GLUE-00198] [javax.enterprise.web] [tid: _ThreadID=43 _ThreadName=admin-listener(1)] [timeMillis: 1521759846177] [levelValue: 800] [[
  Created HTTP listener http-listener-1 on host/port 0.0.0.0:8080]]

[2018-03-22T18:04:06.182-0500] [glassfish 4.1] [INFO] [AS-WEB-GLUE-00198] [javax.enterprise.web] [tid: _ThreadID=43 _ThreadName=admin-listener(1)] [timeMillis: 1521759846182] [levelValue: 800] [[
  Created HTTP listener http-listener-2 on host/port 0.0.0.0:8181]]

[2018-03-22T18:04:06.186-0500] [glassfish 4.1] [INFO] [AS-WEB-GLUE-00198] [javax.enterprise.web] [tid: _ThreadID=43 _ThreadName=admin-listener(1)] [timeMillis: 1521759846186] [levelValue: 800] [[
  Created HTTP listener admin-listener on host/port 0.0.0.0:4848]]

[2018-03-22T18:04:06.208-0500] [glassfish 4.1] [INFO] [AS-WEB-GLUE-00200] [javax.enterprise.web] [tid: _ThreadID=43 _ThreadName=admin-listener(1)] [timeMillis: 1521759846208] [levelValue: 800] [[
  Created virtual server server]]

[2018-03-22T18:04:06.210-0500] [glassfish 4.1] [INFO] [AS-WEB-GLUE-00200] [javax.enterprise.web] [tid: _ThreadID=43 _ThreadName=admin-listener(1)] [timeMillis: 1521759846210] [levelValue: 800] [[
  Created virtual server __asadmin]]

[2018-03-22T18:04:06.368-0500] [glassfish 4.1] [INFO] [AS-WEB-CORE-00306] [javax.enterprise.web.core] [tid: _ThreadID=43 _ThreadName=admin-listener(1)] [timeMillis: 1521759846368] [levelValue: 800] [[
  Setting JAAS app name glassfish-web]]

[2018-03-22T18:04:06.369-0500] [glassfish 4.1] [INFO] [AS-WEB-GLUE-00201] [javax.enterprise.web] [tid: _ThreadID=43 _ThreadName=admin-listener(1)] [timeMillis: 1521759846369] [levelValue: 800] [[
  Virtual server server loaded default web module ]]

[2018-03-22T18:04:06.612-0500] [glassfish 4.1] [INFO] [] [javax.enterprise.system.tools.deployment.common] [tid: _ThreadID=43 _ThreadName=admin-listener(1)] [timeMillis: 1521759846612] [levelValue: 800] [[
  visiting unvisited references]]

[2018-03-22T18:04:06.616-0500] [glassfish 4.1] [INFO] [] [javax.enterprise.system.tools.deployment.common] [tid: _ThreadID=43 _ThreadName=admin-listener(1)] [timeMillis: 1521759846616] [levelValue: 800] [[
  visiting unvisited references]]

[2018-03-22T18:04:07.078-0500] [glassfish 4.1] [SEVERE] [] [javax.enterprise.web] [tid: _ThreadID=43 _ThreadName=admin-listener(1)] [timeMillis: 1521759847078] [levelValue: 1000] [[
  WebModule[/Speed]StandardWrapper.Throwable
MultiException stack 1 of 1
java.lang.NoSuchMethodException: Could not find a suitable constructor in programa.Client class.
	at org.glassfish.jersey.internal.inject.JerseyClassAnalyzer.getConstructor(JerseyClassAnalyzer.java:192)
	at org.jvnet.hk2.internal.Utilities.getConstructor(Utilities.java:179)
	at org.jvnet.hk2.internal.Utilities.justCreate(Utilities.java:993)
	at org.jvnet.hk2.internal.ServiceLocatorImpl.create(ServiceLocatorImpl.java:963)
	at org.jvnet.hk2.internal.ServiceLocatorImpl.createAndInitialize(ServiceLocatorImpl.java:1055)
	at org.jvnet.hk2.internal.ServiceLocatorImpl.createAndInitialize(ServiceLocatorImpl.java:1047)
	at org.glassfish.jersey.server.ApplicationHandler.createApplication(ApplicationHandler.java:383)
	at org.glassfish.jersey.server.ApplicationHandler.<init>(ApplicationHandler.java:340)
	at org.glassfish.jersey.servlet.WebComponent.<init>(WebComponent.java:390)
	at org.glassfish.jersey.servlet.ServletContainer.init(ServletContainer.java:170)
	at org.glassfish.jersey.servlet.ServletContainer.init(ServletContainer.java:362)
	at javax.servlet.GenericServlet.init(GenericServlet.java:244)
	at org.apache.catalina.core.StandardWrapper.initServlet(StandardWrapper.java:1583)
	at org.apache.catalina.core.StandardWrapper.load(StandardWrapper.java:1382)
	at org.apache.catalina.core.StandardContext.loadOnStartup(StandardContext.java:5732)
	at org.apache.catalina.core.StandardContext.start(StandardContext.java:5977)
	at com.sun.enterprise.web.WebModule.start(WebModule.java:691)
	at org.apache.catalina.core.ContainerBase.addChildInternal(ContainerBase.java:1041)
	at org.apache.catalina.core.ContainerBase.addChild(ContainerBase.java:1024)
	at org.apache.catalina.core.StandardHost.addChild(StandardHost.java:747)
	at com.sun.enterprise.web.WebContainer.loadWebModule(WebContainer.java:2286)
	at com.sun.enterprise.web.WebContainer.loadWebModule(WebContainer.java:1932)
	at com.sun.enterprise.web.WebApplication.start(WebApplication.java:139)
	at org.glassfish.internal.data.EngineRef.start(EngineRef.java:122)
	at org.glassfish.internal.data.ModuleInfo.start(ModuleInfo.java:291)
	at org.glassfish.internal.data.ApplicationInfo.start(ApplicationInfo.java:352)
	at com.sun.enterprise.v3.server.ApplicationLifecycle.deploy(ApplicationLifecycle.java:500)
	at com.sun.enterprise.v3.server.ApplicationLifecycle.deploy(ApplicationLifecycle.java:219)
	at org.glassfish.deployment.admin.DeployCommand.execute(DeployCommand.java:491)
	at com.sun.enterprise.v3.admin.CommandRunnerImpl$2$1.run(CommandRunnerImpl.java:539)
	at com.sun.enterprise.v3.admin.CommandRunnerImpl$2$1.run(CommandRunnerImpl.java:535)
	at java.security.AccessController.doPrivileged(Native Method)
	at javax.security.auth.Subject.doAs(Subject.java:360)
	at com.sun.enterprise.v3.admin.CommandRunnerImpl$2.execute(CommandRunnerImpl.java:534)
	at com.sun.enterprise.v3.admin.CommandRunnerImpl$3.run(CommandRunnerImpl.java:565)
	at com.sun.enterprise.v3.admin.CommandRunnerImpl$3.run(CommandRunnerImpl.java:557)
	at java.security.AccessController.doPrivileged(Native Method)
	at javax.security.auth.Subject.doAs(Subject.java:360)
	at com.sun.enterprise.v3.admin.CommandRunnerImpl.doCommand(CommandRunnerImpl.java:556)
	at com.sun.enterprise.v3.admin.CommandRunnerImpl.doCommand(CommandRunnerImpl.java:1464)
	at com.sun.enterprise.v3.admin.CommandRunnerImpl.access$1300(CommandRunnerImpl.java:109)
	at com.sun.enterprise.v3.admin.CommandRunnerImpl$ExecutionContext.execute(CommandRunnerImpl.java:1846)
	at com.sun.enterprise.v3.admin.CommandRunnerImpl$ExecutionContext.execute(CommandRunnerImpl.java:1722)
	at com.sun.enterprise.v3.admin.AdminAdapter.doCommand(AdminAdapter.java:534)
	at com.sun.enterprise.v3.admin.AdminAdapter.onMissingResource(AdminAdapter.java:224)
	at org.glassfish.grizzly.http.server.StaticHttpHandlerBase.service(StaticHttpHandlerBase.java:189)
	at com.sun.enterprise.v3.services.impl.ContainerMapper$HttpHandlerCallable.call(ContainerMapper.java:459)
	at com.sun.enterprise.v3.services.impl.ContainerMapper.service(ContainerMapper.java:167)
	at org.glassfish.grizzly.http.server.HttpHandler.runService(HttpHandler.java:206)
	at org.glassfish.grizzly.http.server.HttpHandler.doHandle(HttpHandler.java:180)
	at org.glassfish.grizzly.http.server.HttpServerFilter.handleRead(HttpServerFilter.java:235)
	at org.glassfish.grizzly.filterchain.ExecutorResolver$9.execute(ExecutorResolver.java:119)
	at org.glassfish.grizzly.filterchain.DefaultFilterChain.executeFilter(DefaultFilterChain.java:283)
	at org.glassfish.grizzly.filterchain.DefaultFilterChain.executeChainPart(DefaultFilterChain.java:200)
	at org.glassfish.grizzly.filterchain.DefaultFilterChain.execute(DefaultFilterChain.java:132)
	at org.glassfish.grizzly.filterchain.DefaultFilterChain.process(DefaultFilterChain.java:111)
	at org.glassfish.grizzly.ProcessorExecutor.execute(ProcessorExecutor.java:77)
	at org.glassfish.grizzly.nio.transport.TCPNIOTransport.fireIOEvent(TCPNIOTransport.java:536)
	at org.glassfish.grizzly.strategies.AbstractIOStrategy.fireIOEvent(AbstractIOStrategy.java:112)
	at org.glassfish.grizzly.strategies.WorkerThreadIOStrategy.run0(WorkerThreadIOStrategy.java:117)
	at org.glassfish.grizzly.strategies.WorkerThreadIOStrategy.access$100(WorkerThreadIOStrategy.java:56)
	at org.glassfish.grizzly.strategies.WorkerThreadIOStrategy$WorkerThreadRunnable.run(WorkerThreadIOStrategy.java:137)
	at org.glassfish.grizzly.threadpool.AbstractThreadPool$Worker.doWork(AbstractThreadPool.java:591)
	at org.glassfish.grizzly.threadpool.AbstractThreadPool$Worker.run(AbstractThreadPool.java:571)
	at java.lang.Thread.run(Thread.java:748)
]]

[2018-03-22T18:04:07.079-0500] [glassfish 4.1] [SEVERE] [] [javax.enterprise.web] [tid: _ThreadID=43 _ThreadName=admin-listener(1)] [timeMillis: 1521759847079] [levelValue: 1000] [[
  WebModule[/Speed]Servlet /Speed threw load() exception
java.lang.NoSuchMethodException: Could not find a suitable constructor in programa.Client class.
	at org.glassfish.jersey.internal.inject.JerseyClassAnalyzer.getConstructor(JerseyClassAnalyzer.java:192)
	at org.jvnet.hk2.internal.Utilities.getConstructor(Utilities.java:179)
	at org.jvnet.hk2.internal.Utilities.justCreate(Utilities.java:993)
	at org.jvnet.hk2.internal.ServiceLocatorImpl.create(ServiceLocatorImpl.java:963)
	at org.jvnet.hk2.internal.ServiceLocatorImpl.createAndInitialize(ServiceLocatorImpl.java:1055)
	at org.jvnet.hk2.internal.ServiceLocatorImpl.createAndInitialize(ServiceLocatorImpl.java:1047)
	at org.glassfish.jersey.server.ApplicationHandler.createApplication(ApplicationHandler.java:383)
	at org.glassfish.jersey.server.ApplicationHandler.<init>(ApplicationHandler.java:340)
	at org.glassfish.jersey.servlet.WebComponent.<init>(WebComponent.java:390)
	at org.glassfish.jersey.servlet.ServletContainer.init(ServletContainer.java:170)
	at org.glassfish.jersey.servlet.ServletContainer.init(ServletContainer.java:362)
	at javax.servlet.GenericServlet.init(GenericServlet.java:244)
	at org.apache.catalina.core.StandardWrapper.initServlet(StandardWrapper.java:1583)
	at org.apache.catalina.core.StandardWrapper.load(StandardWrapper.java:1382)
	at org.apache.catalina.core.StandardContext.loadOnStartup(StandardContext.java:5732)
	at org.apache.catalina.core.StandardContext.start(StandardContext.java:5977)
	at com.sun.enterprise.web.WebModule.start(WebModule.java:691)
	at org.apache.catalina.core.ContainerBase.addChildInternal(ContainerBase.java:1041)
	at org.apache.catalina.core.ContainerBase.addChild(ContainerBase.java:1024)
	at org.apache.catalina.core.StandardHost.addChild(StandardHost.java:747)
	at com.sun.enterprise.web.WebContainer.loadWebModule(WebContainer.java:2286)
	at com.sun.enterprise.web.WebContainer.loadWebModule(WebContainer.java:1932)
	at com.sun.enterprise.web.WebApplication.start(WebApplication.java:139)
	at org.glassfish.internal.data.EngineRef.start(EngineRef.java:122)
	at org.glassfish.internal.data.ModuleInfo.start(ModuleInfo.java:291)
	at org.glassfish.internal.data.ApplicationInfo.start(ApplicationInfo.java:352)
	at com.sun.enterprise.v3.server.ApplicationLifecycle.deploy(ApplicationLifecycle.java:500)
	at com.sun.enterprise.v3.server.ApplicationLifecycle.deploy(ApplicationLifecycle.java:219)
	at org.glassfish.deployment.admin.DeployCommand.execute(DeployCommand.java:491)
	at com.sun.enterprise.v3.admin.CommandRunnerImpl$2$1.run(CommandRunnerImpl.java:539)
	at com.sun.enterprise.v3.admin.CommandRunnerImpl$2$1.run(CommandRunnerImpl.java:535)
	at java.security.AccessController.doPrivileged(Native Method)
	at javax.security.auth.Subject.doAs(Subject.java:360)
	at com.sun.enterprise.v3.admin.CommandRunnerImpl$2.execute(CommandRunnerImpl.java:534)
	at com.sun.enterprise.v3.admin.CommandRunnerImpl$3.run(CommandRunnerImpl.java:565)
	at com.sun.enterprise.v3.admin.CommandRunnerImpl$3.run(CommandRunnerImpl.java:557)
	at java.security.AccessController.doPrivileged(Native Method)
	at javax.security.auth.Subject.doAs(Subject.java:360)
	at com.sun.enterprise.v3.admin.CommandRunnerImpl.doCommand(CommandRunnerImpl.java:556)
	at com.sun.enterprise.v3.admin.CommandRunnerImpl.doCommand(CommandRunnerImpl.java:1464)
	at com.sun.enterprise.v3.admin.CommandRunnerImpl.access$1300(CommandRunnerImpl.java:109)
	at com.sun.enterprise.v3.admin.CommandRunnerImpl$ExecutionContext.execute(CommandRunnerImpl.java:1846)
	at com.sun.enterprise.v3.admin.CommandRunnerImpl$ExecutionContext.execute(CommandRunnerImpl.java:1722)
	at com.sun.enterprise.v3.admin.AdminAdapter.doCommand(AdminAdapter.java:534)
	at com.sun.enterprise.v3.admin.AdminAdapter.onMissingResource(AdminAdapter.java:224)
	at org.glassfish.grizzly.http.server.StaticHttpHandlerBase.service(StaticHttpHandlerBase.java:189)
	at com.sun.enterprise.v3.services.impl.ContainerMapper$HttpHandlerCallable.call(ContainerMapper.java:459)
	at com.sun.enterprise.v3.services.impl.ContainerMapper.service(ContainerMapper.java:167)
	at org.glassfish.grizzly.http.server.HttpHandler.runService(HttpHandler.java:206)
	at org.glassfish.grizzly.http.server.HttpHandler.doHandle(HttpHandler.java:180)
	at org.glassfish.grizzly.http.server.HttpServerFilter.handleRead(HttpServerFilter.java:235)
	at org.glassfish.grizzly.filterchain.ExecutorResolver$9.execute(ExecutorResolver.java:119)
	at org.glassfish.grizzly.filterchain.DefaultFilterChain.executeFilter(DefaultFilterChain.java:283)
	at org.glassfish.grizzly.filterchain.DefaultFilterChain.executeChainPart(DefaultFilterChain.java:200)
	at org.glassfish.grizzly.filterchain.DefaultFilterChain.execute(DefaultFilterChain.java:132)
	at org.glassfish.grizzly.filterchain.DefaultFilterChain.process(DefaultFilterChain.java:111)
	at org.glassfish.grizzly.ProcessorExecutor.execute(ProcessorExecutor.java:77)
	at org.glassfish.grizzly.nio.transport.TCPNIOTransport.fireIOEvent(TCPNIOTransport.java:536)
	at org.glassfish.grizzly.strategies.AbstractIOStrategy.fireIOEvent(AbstractIOStrategy.java:112)
	at org.glassfish.grizzly.strategies.WorkerThreadIOStrategy.run0(WorkerThreadIOStrategy.java:117)
	at org.glassfish.grizzly.strategies.WorkerThreadIOStrategy.access$100(WorkerThreadIOStrategy.java:56)
	at org.glassfish.grizzly.strategies.WorkerThreadIOStrategy$WorkerThreadRunnable.run(WorkerThreadIOStrategy.java:137)
	at org.glassfish.grizzly.threadpool.AbstractThreadPool$Worker.doWork(AbstractThreadPool.java:591)
	at org.glassfish.grizzly.threadpool.AbstractThreadPool$Worker.run(AbstractThreadPool.java:571)
	at java.lang.Thread.run(Thread.java:748)
]]

[2018-03-22T18:04:07.080-0500] [glassfish 4.1] [SEVERE] [AS-WEB-CORE-00174] [javax.enterprise.web.core] [tid: _ThreadID=43 _ThreadName=admin-listener(1)] [timeMillis: 1521759847080] [levelValue: 1000] [[
  Startup of context /Speed failed due to previous errors]]

[2018-03-22T18:04:07.089-0500] [glassfish 4.1] [SEVERE] [AS-WEB-CORE-00108] [javax.enterprise.web.core] [tid: _ThreadID=43 _ThreadName=admin-listener(1)] [timeMillis: 1521759847089] [levelValue: 1000] [[
  ContainerBase.addChild: start: 
org.apache.catalina.LifecycleException: org.apache.catalina.LifecycleException: java.lang.NoSuchMethodException: Could not find a suitable constructor in programa.Client class.
	at org.apache.catalina.core.StandardContext.start(StandardContext.java:5985)
	at com.sun.enterprise.web.WebModule.start(WebModule.java:691)
	at org.apache.catalina.core.ContainerBase.addChildInternal(ContainerBase.java:1041)
	at org.apache.catalina.core.ContainerBase.addChild(ContainerBase.java:1024)
	at org.apache.catalina.core.StandardHost.addChild(StandardHost.java:747)
	at com.sun.enterprise.web.WebContainer.loadWebModule(WebContainer.java:2286)
	at com.sun.enterprise.web.WebContainer.loadWebModule(WebContainer.java:1932)
	at com.sun.enterprise.web.WebApplication.start(WebApplication.java:139)
	at org.glassfish.internal.data.EngineRef.start(EngineRef.java:122)
	at org.glassfish.internal.data.ModuleInfo.start(ModuleInfo.java:291)
	at org.glassfish.internal.data.ApplicationInfo.start(ApplicationInfo.java:352)
	at com.sun.enterprise.v3.server.ApplicationLifecycle.deploy(ApplicationLifecycle.java:500)
	at com.sun.enterprise.v3.server.ApplicationLifecycle.deploy(ApplicationLifecycle.java:219)
	at org.glassfish.deployment.admin.DeployCommand.execute(DeployCommand.java:491)
	at com.sun.enterprise.v3.admin.CommandRunnerImpl$2$1.run(CommandRunnerImpl.java:539)
	at com.sun.enterprise.v3.admin.CommandRunnerImpl$2$1.run(CommandRunnerImpl.java:535)
	at java.security.AccessController.doPrivileged(Native Method)
	at javax.security.auth.Subject.doAs(Subject.java:360)
	at com.sun.enterprise.v3.admin.CommandRunnerImpl$2.execute(CommandRunnerImpl.java:534)
	at com.sun.enterprise.v3.admin.CommandRunnerImpl$3.run(CommandRunnerImpl.java:565)
	at com.sun.enterprise.v3.admin.CommandRunnerImpl$3.run(CommandRunnerImpl.java:557)
	at java.security.AccessController.doPrivileged(Native Method)
	at javax.security.auth.Subject.doAs(Subject.java:360)
	at com.sun.enterprise.v3.admin.CommandRunnerImpl.doCommand(CommandRunnerImpl.java:556)
	at com.sun.enterprise.v3.admin.CommandRunnerImpl.doCommand(CommandRunnerImpl.java:1464)
	at com.sun.enterprise.v3.admin.CommandRunnerImpl.access$1300(CommandRunnerImpl.java:109)
	at com.sun.enterprise.v3.admin.CommandRunnerImpl$ExecutionContext.execute(CommandRunnerImpl.java:1846)
	at com.sun.enterprise.v3.admin.CommandRunnerImpl$ExecutionContext.execute(CommandRunnerImpl.java:1722)
	at com.sun.enterprise.v3.admin.AdminAdapter.doCommand(AdminAdapter.java:534)
	at com.sun.enterprise.v3.admin.AdminAdapter.onMissingResource(AdminAdapter.java:224)
	at org.glassfish.grizzly.http.server.StaticHttpHandlerBase.service(StaticHttpHandlerBase.java:189)
	at com.sun.enterprise.v3.services.impl.ContainerMapper$HttpHandlerCallable.call(ContainerMapper.java:459)
	at com.sun.enterprise.v3.services.impl.ContainerMapper.service(ContainerMapper.java:167)
	at org.glassfish.grizzly.http.server.HttpHandler.runService(HttpHandler.java:206)
	at org.glassfish.grizzly.http.server.HttpHandler.doHandle(HttpHandler.java:180)
	at org.glassfish.grizzly.http.server.HttpServerFilter.handleRead(HttpServerFilter.java:235)
	at org.glassfish.grizzly.filterchain.ExecutorResolver$9.execute(ExecutorResolver.java:119)
	at org.glassfish.grizzly.filterchain.DefaultFilterChain.executeFilter(DefaultFilterChain.java:283)
	at org.glassfish.grizzly.filterchain.DefaultFilterChain.executeChainPart(DefaultFilterChain.java:200)
	at org.glassfish.grizzly.filterchain.DefaultFilterChain.execute(DefaultFilterChain.java:132)
	at org.glassfish.grizzly.filterchain.DefaultFilterChain.process(DefaultFilterChain.java:111)
	at org.glassfish.grizzly.ProcessorExecutor.execute(ProcessorExecutor.java:77)
	at org.glassfish.grizzly.nio.transport.TCPNIOTransport.fireIOEvent(TCPNIOTransport.java:536)
	at org.glassfish.grizzly.strategies.AbstractIOStrategy.fireIOEvent(AbstractIOStrategy.java:112)
	at org.glassfish.grizzly.strategies.WorkerThreadIOStrategy.run0(WorkerThreadIOStrategy.java:117)
	at org.glassfish.grizzly.strategies.WorkerThreadIOStrategy.access$100(WorkerThreadIOStrategy.java:56)
	at org.glassfish.grizzly.strategies.WorkerThreadIOStrategy$WorkerThreadRunnable.run(WorkerThreadIOStrategy.java:137)
	at org.glassfish.grizzly.threadpool.AbstractThreadPool$Worker.doWork(AbstractThreadPool.java:591)
	at org.glassfish.grizzly.threadpool.AbstractThreadPool$Worker.run(AbstractThreadPool.java:571)
	at java.lang.Thread.run(Thread.java:748)
Caused by: org.apache.catalina.LifecycleException: java.lang.NoSuchMethodException: Could not find a suitable constructor in programa.Client class.
	at org.apache.catalina.core.StandardContext.loadOnStartup(StandardContext.java:5740)
	at org.apache.catalina.core.StandardContext.start(StandardContext.java:5977)
	... 49 more
Caused by: java.lang.NoSuchMethodException: Could not find a suitable constructor in programa.Client class.
	at org.glassfish.jersey.internal.inject.JerseyClassAnalyzer.getConstructor(JerseyClassAnalyzer.java:192)
	at org.jvnet.hk2.internal.Utilities.getConstructor(Utilities.java:179)
	at org.jvnet.hk2.internal.Utilities.justCreate(Utilities.java:993)
	at org.jvnet.hk2.internal.ServiceLocatorImpl.create(ServiceLocatorImpl.java:963)
	at org.jvnet.hk2.internal.ServiceLocatorImpl.createAndInitialize(ServiceLocatorImpl.java:1055)
	at org.jvnet.hk2.internal.ServiceLocatorImpl.createAndInitialize(ServiceLocatorImpl.java:1047)
	at org.glassfish.jersey.server.ApplicationHandler.createApplication(ApplicationHandler.java:383)
	at org.glassfish.jersey.server.ApplicationHandler.<init>(ApplicationHandler.java:340)
	at org.glassfish.jersey.servlet.WebComponent.<init>(WebComponent.java:390)
	at org.glassfish.jersey.servlet.ServletContainer.init(ServletContainer.java:170)
	at org.glassfish.jersey.servlet.ServletContainer.init(ServletContainer.java:362)
	at javax.servlet.GenericServlet.init(GenericServlet.java:244)
	at org.apache.catalina.core.StandardWrapper.initServlet(StandardWrapper.java:1583)
	at org.apache.catalina.core.StandardWrapper.load(StandardWrapper.java:1382)
	at org.apache.catalina.core.StandardContext.loadOnStartup(StandardContext.java:5732)
	... 50 more
]]

[2018-03-22T18:04:07.090-0500] [glassfish 4.1] [WARNING] [] [javax.enterprise.web] [tid: _ThreadID=43 _ThreadName=admin-listener(1)] [timeMillis: 1521759847090] [levelValue: 900] [[
  java.lang.IllegalStateException: ContainerBase.addChild: start: org.apache.catalina.LifecycleException: org.apache.catalina.LifecycleException: java.lang.NoSuchMethodException: Could not find a suitable constructor in programa.Client class.
java.lang.IllegalStateException: ContainerBase.addChild: start: org.apache.catalina.LifecycleException: org.apache.catalina.LifecycleException: java.lang.NoSuchMethodException: Could not find a suitable constructor in programa.Client class.
	at org.apache.catalina.core.ContainerBase.addChildInternal(ContainerBase.java:1044)
	at org.apache.catalina.core.ContainerBase.addChild(ContainerBase.java:1024)
	at org.apache.catalina.core.StandardHost.addChild(StandardHost.java:747)
	at com.sun.enterprise.web.WebContainer.loadWebModule(WebContainer.java:2286)
	at com.sun.enterprise.web.WebContainer.loadWebModule(WebContainer.java:1932)
	at com.sun.enterprise.web.WebApplication.start(WebApplication.java:139)
	at org.glassfish.internal.data.EngineRef.start(EngineRef.java:122)
	at org.glassfish.internal.data.ModuleInfo.start(ModuleInfo.java:291)
	at org.glassfish.internal.data.ApplicationInfo.start(ApplicationInfo.java:352)
	at com.sun.enterprise.v3.server.ApplicationLifecycle.deploy(ApplicationLifecycle.java:500)
	at com.sun.enterprise.v3.server.ApplicationLifecycle.deploy(ApplicationLifecycle.java:219)
	at org.glassfish.deployment.admin.DeployCommand.execute(DeployCommand.java:491)
	at com.sun.enterprise.v3.admin.CommandRunnerImpl$2$1.run(CommandRunnerImpl.java:539)
	at com.sun.enterprise.v3.admin.CommandRunnerImpl$2$1.run(CommandRunnerImpl.java:535)
	at java.security.AccessController.doPrivileged(Native Method)
	at javax.security.auth.Subject.doAs(Subject.java:360)
	at com.sun.enterprise.v3.admin.CommandRunnerImpl$2.execute(CommandRunnerImpl.java:534)
	at com.sun.enterprise.v3.admin.CommandRunnerImpl$3.run(CommandRunnerImpl.java:565)
	at com.sun.enterprise.v3.admin.CommandRunnerImpl$3.run(CommandRunnerImpl.java:557)
	at java.security.AccessController.doPrivileged(Native Method)
	at javax.security.auth.Subject.doAs(Subject.java:360)
	at com.sun.enterprise.v3.admin.CommandRunnerImpl.doCommand(CommandRunnerImpl.java:556)
	at com.sun.enterprise.v3.admin.CommandRunnerImpl.doCommand(CommandRunnerImpl.java:1464)
	at com.sun.enterprise.v3.admin.CommandRunnerImpl.access$1300(CommandRunnerImpl.java:109)
	at com.sun.enterprise.v3.admin.CommandRunnerImpl$ExecutionContext.execute(CommandRunnerImpl.java:1846)
	at com.sun.enterprise.v3.admin.CommandRunnerImpl$ExecutionContext.execute(CommandRunnerImpl.java:1722)
	at com.sun.enterprise.v3.admin.AdminAdapter.doCommand(AdminAdapter.java:534)
	at com.sun.enterprise.v3.admin.AdminAdapter.onMissingResource(AdminAdapter.java:224)
	at org.glassfish.grizzly.http.server.StaticHttpHandlerBase.service(StaticHttpHandlerBase.java:189)
	at com.sun.enterprise.v3.services.impl.ContainerMapper$HttpHandlerCallable.call(ContainerMapper.java:459)
	at com.sun.enterprise.v3.services.impl.ContainerMapper.service(ContainerMapper.java:167)
	at org.glassfish.grizzly.http.server.HttpHandler.runService(HttpHandler.java:206)
	at org.glassfish.grizzly.http.server.HttpHandler.doHandle(HttpHandler.java:180)
	at org.glassfish.grizzly.http.server.HttpServerFilter.handleRead(HttpServerFilter.java:235)
	at org.glassfish.grizzly.filterchain.ExecutorResolver$9.execute(ExecutorResolver.java:119)
	at org.glassfish.grizzly.filterchain.DefaultFilterChain.executeFilter(DefaultFilterChain.java:283)
	at org.glassfish.grizzly.filterchain.DefaultFilterChain.executeChainPart(DefaultFilterChain.java:200)
	at org.glassfish.grizzly.filterchain.DefaultFilterChain.execute(DefaultFilterChain.java:132)
	at org.glassfish.grizzly.filterchain.DefaultFilterChain.process(DefaultFilterChain.java:111)
	at org.glassfish.grizzly.ProcessorExecutor.execute(ProcessorExecutor.java:77)
	at org.glassfish.grizzly.nio.transport.TCPNIOTransport.fireIOEvent(TCPNIOTransport.java:536)
	at org.glassfish.grizzly.strategies.AbstractIOStrategy.fireIOEvent(AbstractIOStrategy.java:112)
	at org.glassfish.grizzly.strategies.WorkerThreadIOStrategy.run0(WorkerThreadIOStrategy.java:117)
	at org.glassfish.grizzly.strategies.WorkerThreadIOStrategy.access$100(WorkerThreadIOStrategy.java:56)
	at org.glassfish.grizzly.strategies.WorkerThreadIOStrategy$WorkerThreadRunnable.run(WorkerThreadIOStrategy.java:137)
	at org.glassfish.grizzly.threadpool.AbstractThreadPool$Worker.doWork(AbstractThreadPool.java:591)
	at org.glassfish.grizzly.threadpool.AbstractThreadPool$Worker.run(AbstractThreadPool.java:571)
	at java.lang.Thread.run(Thread.java:748)
]]

[2018-03-22T18:04:07.091-0500] [glassfish 4.1] [SEVERE] [] [javax.enterprise.system.tools.deployment.common] [tid: _ThreadID=43 _ThreadName=admin-listener(1)] [timeMillis: 1521759847091] [levelValue: 1000] [[
  Exception while invoking class com.sun.enterprise.web.WebApplication start method
java.lang.Exception: java.lang.IllegalStateException: ContainerBase.addChild: start: org.apache.catalina.LifecycleException: org.apache.catalina.LifecycleException: java.lang.NoSuchMethodException: Could not find a suitable constructor in programa.Client class.
	at com.sun.enterprise.web.WebApplication.start(WebApplication.java:168)
	at org.glassfish.internal.data.EngineRef.start(EngineRef.java:122)
	at org.glassfish.internal.data.ModuleInfo.start(ModuleInfo.java:291)
	at org.glassfish.internal.data.ApplicationInfo.start(ApplicationInfo.java:352)
	at com.sun.enterprise.v3.server.ApplicationLifecycle.deploy(ApplicationLifecycle.java:500)
	at com.sun.enterprise.v3.server.ApplicationLifecycle.deploy(ApplicationLifecycle.java:219)
	at org.glassfish.deployment.admin.DeployCommand.execute(DeployCommand.java:491)
	at com.sun.enterprise.v3.admin.CommandRunnerImpl$2$1.run(CommandRunnerImpl.java:539)
	at com.sun.enterprise.v3.admin.CommandRunnerImpl$2$1.run(CommandRunnerImpl.java:535)
	at java.security.AccessController.doPrivileged(Native Method)
	at javax.security.auth.Subject.doAs(Subject.java:360)
	at com.sun.enterprise.v3.admin.CommandRunnerImpl$2.execute(CommandRunnerImpl.java:534)
	at com.sun.enterprise.v3.admin.CommandRunnerImpl$3.run(CommandRunnerImpl.java:565)
	at com.sun.enterprise.v3.admin.CommandRunnerImpl$3.run(CommandRunnerImpl.java:557)
	at java.security.AccessController.doPrivileged(Native Method)
	at javax.security.auth.Subject.doAs(Subject.java:360)
	at com.sun.enterprise.v3.admin.CommandRunnerImpl.doCommand(CommandRunnerImpl.java:556)
	at com.sun.enterprise.v3.admin.CommandRunnerImpl.doCommand(CommandRunnerImpl.java:1464)
	at com.sun.enterprise.v3.admin.CommandRunnerImpl.access$1300(CommandRunnerImpl.java:109)
	at com.sun.enterprise.v3.admin.CommandRunnerImpl$ExecutionContext.execute(CommandRunnerImpl.java:1846)
	at com.sun.enterprise.v3.admin.CommandRunnerImpl$ExecutionContext.execute(CommandRunnerImpl.java:1722)
	at com.sun.enterprise.v3.admin.AdminAdapter.doCommand(AdminAdapter.java:534)
	at com.sun.enterprise.v3.admin.AdminAdapter.onMissingResource(AdminAdapter.java:224)
	at org.glassfish.grizzly.http.server.StaticHttpHandlerBase.service(StaticHttpHandlerBase.java:189)
	at com.sun.enterprise.v3.services.impl.ContainerMapper$HttpHandlerCallable.call(ContainerMapper.java:459)
	at com.sun.enterprise.v3.services.impl.ContainerMapper.service(ContainerMapper.java:167)
	at org.glassfish.grizzly.http.server.HttpHandler.runService(HttpHandler.java:206)
	at org.glassfish.grizzly.http.server.HttpHandler.doHandle(HttpHandler.java:180)
	at org.glassfish.grizzly.http.server.HttpServerFilter.handleRead(HttpServerFilter.java:235)
	at org.glassfish.grizzly.filterchain.ExecutorResolver$9.execute(ExecutorResolver.java:119)
	at org.glassfish.grizzly.filterchain.DefaultFilterChain.executeFilter(DefaultFilterChain.java:283)
	at org.glassfish.grizzly.filterchain.DefaultFilterChain.executeChainPart(DefaultFilterChain.java:200)
	at org.glassfish.grizzly.filterchain.DefaultFilterChain.execute(DefaultFilterChain.java:132)
	at org.glassfish.grizzly.filterchain.DefaultFilterChain.process(DefaultFilterChain.java:111)
	at org.glassfish.grizzly.ProcessorExecutor.execute(ProcessorExecutor.java:77)
	at org.glassfish.grizzly.nio.transport.TCPNIOTransport.fireIOEvent(TCPNIOTransport.java:536)
	at org.glassfish.grizzly.strategies.AbstractIOStrategy.fireIOEvent(AbstractIOStrategy.java:112)
	at org.glassfish.grizzly.strategies.WorkerThreadIOStrategy.run0(WorkerThreadIOStrategy.java:117)
	at org.glassfish.grizzly.strategies.WorkerThreadIOStrategy.access$100(WorkerThreadIOStrategy.java:56)
	at org.glassfish.grizzly.strategies.WorkerThreadIOStrategy$WorkerThreadRunnable.run(WorkerThreadIOStrategy.java:137)
	at org.glassfish.grizzly.threadpool.AbstractThreadPool$Worker.doWork(AbstractThreadPool.java:591)
	at org.glassfish.grizzly.threadpool.AbstractThreadPool$Worker.run(AbstractThreadPool.java:571)
	at java.lang.Thread.run(Thread.java:748)
]]

[2018-03-22T18:04:07.093-0500] [glassfish 4.1] [SEVERE] [NCLS-CORE-00026] [javax.enterprise.system.core] [tid: _ThreadID=43 _ThreadName=admin-listener(1)] [timeMillis: 1521759847093] [levelValue: 1000] [[
  Exception during lifecycle processing
java.lang.Exception: java.lang.IllegalStateException: ContainerBase.addChild: start: org.apache.catalina.LifecycleException: org.apache.catalina.LifecycleException: java.lang.NoSuchMethodException: Could not find a suitable constructor in programa.Client class.
	at com.sun.enterprise.web.WebApplication.start(WebApplication.java:168)
	at org.glassfish.internal.data.EngineRef.start(EngineRef.java:122)
	at org.glassfish.internal.data.ModuleInfo.start(ModuleInfo.java:291)
	at org.glassfish.internal.data.ApplicationInfo.start(ApplicationInfo.java:352)
	at com.sun.enterprise.v3.server.ApplicationLifecycle.deploy(ApplicationLifecycle.java:500)
	at com.sun.enterprise.v3.server.ApplicationLifecycle.deploy(ApplicationLifecycle.java:219)
	at org.glassfish.deployment.admin.DeployCommand.execute(DeployCommand.java:491)
	at com.sun.enterprise.v3.admin.CommandRunnerImpl$2$1.run(CommandRunnerImpl.java:539)
	at com.sun.enterprise.v3.admin.CommandRunnerImpl$2$1.run(CommandRunnerImpl.java:535)
	at java.security.AccessController.doPrivileged(Native Method)
	at javax.security.auth.Subject.doAs(Subject.java:360)
	at com.sun.enterprise.v3.admin.CommandRunnerImpl$2.execute(CommandRunnerImpl.java:534)
	at com.sun.enterprise.v3.admin.CommandRunnerImpl$3.run(CommandRunnerImpl.java:565)
	at com.sun.enterprise.v3.admin.CommandRunnerImpl$3.run(CommandRunnerImpl.java:557)
	at java.security.AccessController.doPrivileged(Native Method)
	at javax.security.auth.Subject.doAs(Subject.java:360)
	at com.sun.enterprise.v3.admin.CommandRunnerImpl.doCommand(CommandRunnerImpl.java:556)
	at com.sun.enterprise.v3.admin.CommandRunnerImpl.doCommand(CommandRunnerImpl.java:1464)
	at com.sun.enterprise.v3.admin.CommandRunnerImpl.access$1300(CommandRunnerImpl.java:109)
	at com.sun.enterprise.v3.admin.CommandRunnerImpl$ExecutionContext.execute(CommandRunnerImpl.java:1846)
	at com.sun.enterprise.v3.admin.CommandRunnerImpl$ExecutionContext.execute(CommandRunnerImpl.java:1722)
	at com.sun.enterprise.v3.admin.AdminAdapter.doCommand(AdminAdapter.java:534)
	at com.sun.enterprise.v3.admin.AdminAdapter.onMissingResource(AdminAdapter.java:224)
	at org.glassfish.grizzly.http.server.StaticHttpHandlerBase.service(StaticHttpHandlerBase.java:189)
	at com.sun.enterprise.v3.services.impl.ContainerMapper$HttpHandlerCallable.call(ContainerMapper.java:459)
	at com.sun.enterprise.v3.services.impl.ContainerMapper.service(ContainerMapper.java:167)
	at org.glassfish.grizzly.http.server.HttpHandler.runService(HttpHandler.java:206)
	at org.glassfish.grizzly.http.server.HttpHandler.doHandle(HttpHandler.java:180)
	at org.glassfish.grizzly.http.server.HttpServerFilter.handleRead(HttpServerFilter.java:235)
	at org.glassfish.grizzly.filterchain.ExecutorResolver$9.execute(ExecutorResolver.java:119)
	at org.glassfish.grizzly.filterchain.DefaultFilterChain.executeFilter(DefaultFilterChain.java:283)
	at org.glassfish.grizzly.filterchain.DefaultFilterChain.executeChainPart(DefaultFilterChain.java:200)
	at org.glassfish.grizzly.filterchain.DefaultFilterChain.execute(DefaultFilterChain.java:132)
	at org.glassfish.grizzly.filterchain.DefaultFilterChain.process(DefaultFilterChain.java:111)
	at org.glassfish.grizzly.ProcessorExecutor.execute(ProcessorExecutor.java:77)
	at org.glassfish.grizzly.nio.transport.TCPNIOTransport.fireIOEvent(TCPNIOTransport.java:536)
	at org.glassfish.grizzly.strategies.AbstractIOStrategy.fireIOEvent(AbstractIOStrategy.java:112)
	at org.glassfish.grizzly.strategies.WorkerThreadIOStrategy.run0(WorkerThreadIOStrategy.java:117)
	at org.glassfish.grizzly.strategies.WorkerThreadIOStrategy.access$100(WorkerThreadIOStrategy.java:56)
	at org.glassfish.grizzly.strategies.WorkerThreadIOStrategy$WorkerThreadRunnable.run(WorkerThreadIOStrategy.java:137)
	at org.glassfish.grizzly.threadpool.AbstractThreadPool$Worker.doWork(AbstractThreadPool.java:591)
	at org.glassfish.grizzly.threadpool.AbstractThreadPool$Worker.run(AbstractThreadPool.java:571)
	at java.lang.Thread.run(Thread.java:748)
]]

[2018-03-22T18:04:07.093-0500] [glassfish 4.1] [SEVERE] [] [javax.enterprise.system.core] [tid: _ThreadID=43 _ThreadName=admin-listener(1)] [timeMillis: 1521759847093] [levelValue: 1000] [[
  Exception while loading the app]]

[2018-03-22T18:04:07.094-0500] [glassfish 4.1] [SEVERE] [AS-WEB-GLUE-00192] [javax.enterprise.web] [tid: _ThreadID=43 _ThreadName=admin-listener(1)] [timeMillis: 1521759847094] [levelValue: 1000] [[
  Undeployment failed for context /Speed]]

[2018-03-22T18:04:07.115-0500] [glassfish 4.1] [SEVERE] [] [javax.enterprise.system.core] [tid: _ThreadID=43 _ThreadName=admin-listener(1)] [timeMillis: 1521759847115] [levelValue: 1000] [[
  Exception while loading the app : java.lang.IllegalStateException: ContainerBase.addChild: start: org.apache.catalina.LifecycleException: org.apache.catalina.LifecycleException: java.lang.NoSuchMethodException: Could not find a suitable constructor in programa.Client class.]]

[2018-03-22T18:04:39.341-0500] [glassfish 4.1] [INFO] [NCLS-CORE-00092] [javax.enterprise.system.core] [tid: _ThreadID=103 _ThreadName=Thread-22] [timeMillis: 1521759879341] [levelValue: 800] [[
  Server shutdown initiated]]

[2018-03-22T18:04:39.346-0500] [glassfish 4.1] [INFO] [NCLS-BOOTSTRAP-00028] [javax.enterprise.bootstrap] [tid: _ThreadID=103 _ThreadName=Thread-22] [timeMillis: 1521759879346] [levelValue: 800] [[
  Unregistered com.sun.enterprise.glassfish.bootstrap.osgi.EmbeddedOSGiGlassFishImpl@21325036 from service registry.]]

[2018-03-22T18:04:39.346-0500] [glassfish 4.1] [INFO] [] [] [tid: _ThreadID=103 _ThreadName=Thread-8] [timeMillis: 1521759879346] [levelValue: 800] [[
  FileMonitoring shutdown]]

[2018-03-22T18:04:39.351-0500] [glassfish 4.1] [INFO] [NCLS-JMX-00002] [javax.enterprise.system.jmx] [tid: _ThreadID=103 _ThreadName=Thread-22] [timeMillis: 1521759879351] [levelValue: 800] [[
  JMXStartupService: Stopped JMXConnectorServer: null]]

[2018-03-22T18:04:39.351-0500] [glassfish 4.1] [INFO] [NCLS-JMX-00001] [javax.enterprise.system.jmx] [tid: _ThreadID=103 _ThreadName=Thread-22] [timeMillis: 1521759879351] [levelValue: 800] [[
  JMXStartupService and JMXConnectors have been shut down.]]

[2018-03-22T18:04:39.398-0500] [glassfish 4.1] [INFO] [] [] [tid: _ThreadID=110 _ThreadName=Thread-8] [timeMillis: 1521759879398] [levelValue: 800] [[
  JdbcRuntimeExtension,  getAllSystemRAResourcesAndPools = [GlassFishConfigBean.org.glassfish.jdbc.config.JdbcResource, GlassFishConfigBean.org.glassfish.jdbc.config.JdbcResource, GlassFishConfigBean.org.glassfish.jdbc.config.JdbcConnectionPool, GlassFishConfigBean.org.glassfish.jdbc.config.JdbcConnectionPool]]]

